
/home/runner/work/exp-functions-using-multiplexers-iitkgp/exp-functions-using-multiplexers-iitkgp/experiment/simulation/js/circuit_exp4p1.js
   45:17  warning  This branch can never execute. Its condition is a duplicate or covered by previous conditions in the if-else-if chain  no-dupe-else-if
   53:17  warning  This branch can never execute. Its condition is a duplicate or covered by previous conditions in the if-else-if chain  no-dupe-else-if
  245:10  warning  'a1' is defined but never used                                                                                         no-unused-vars
  265:10  warning  'a2' is defined but never used                                                                                         no-unused-vars
  283:10  warning  'a3' is defined but never used                                                                                         no-unused-vars
  301:10  warning  'a4' is defined but never used                                                                                         no-unused-vars
  320:10  warning  'a5' is defined but never used                                                                                         no-unused-vars
  338:10  warning  'a6' is defined but never used                                                                                         no-unused-vars
  356:10  warning  'a7' is defined but never used                                                                                         no-unused-vars
  374:10  warning  'a8' is defined but never used                                                                                         no-unused-vars
  392:10  warning  'a9' is defined but never used                                                                                         no-unused-vars
  410:10  warning  'a10' is defined but never used                                                                                        no-unused-vars
  428:10  warning  'a11' is defined but never used                                                                                        no-unused-vars
  446:10  warning  'a12' is defined but never used                                                                                        no-unused-vars
  465:10  warning  'a13' is defined but never used                                                                                        no-unused-vars
  483:10  warning  'a14' is defined but never used                                                                                        no-unused-vars

/home/runner/work/exp-functions-using-multiplexers-iitkgp/exp-functions-using-multiplexers-iitkgp/experiment/simulation/js/circuit_exp4p2.js
  116:14  warning  'a1' is defined but never used     no-unused-vars
  136:14  warning  'a2' is defined but never used     no-unused-vars
  154:14  warning  'a3' is defined but never used     no-unused-vars
  172:14  warning  'a4' is defined but never used     no-unused-vars
  191:14  warning  'a5' is defined but never used     no-unused-vars
  209:14  warning  'a6' is defined but never used     no-unused-vars
  227:14  warning  'a7' is defined but never used     no-unused-vars
  245:14  warning  'a8' is defined but never used     no-unused-vars
  263:14  warning  'a9' is defined but never used     no-unused-vars
  281:14  warning  'a10' is defined but never used    no-unused-vars
  299:14  warning  'a11' is defined but never used    no-unused-vars
  317:14  warning  'a12' is defined but never used    no-unused-vars
  338:13  warning  'dist1' is defined but never used  no-unused-vars
  348:13  warning  'dist2' is defined but never used  no-unused-vars
  354:13  warning  'dist3' is defined but never used  no-unused-vars
  360:13  warning  'dist4' is defined but never used  no-unused-vars

/home/runner/work/exp-functions-using-multiplexers-iitkgp/exp-functions-using-multiplexers-iitkgp/experiment/simulation/js/mathjax.js
  19:95     warning  'MathJax' is not defined                                                   no-undef
  19:196    warning  'MathJax' is not defined                                                   no-undef
  19:218    warning  'MathJax' is not defined                                                   no-undef
  19:242    warning  'MathJax' is not defined                                                   no-undef
  19:270    warning  'MathJax' is not defined                                                   no-undef
  19:297    warning  'MathJax' is not defined                                                   no-undef
  19:484    warning  Do not access Object.prototype method 'hasOwnProperty' from target object  no-prototype-builtins
  19:1102   warning  Do not access Object.prototype method 'hasOwnProperty' from target object  no-prototype-builtins
  19:1288   warning  Do not access Object.prototype method 'hasOwnProperty' from target object  no-prototype-builtins
  19:2019   warning  Do not access Object.prototype method 'hasOwnProperty' from target object  no-prototype-builtins
  19:2910   warning  Do not access Object.prototype method 'hasOwnProperty' from target object  no-prototype-builtins
  19:6755   warning  'MathJax' is not defined                                                   no-undef
  19:11883  warning  Do not access Object.prototype method 'hasOwnProperty' from target object  no-prototype-builtins
  19:12109  warning  Do not access Object.prototype method 'hasOwnProperty' from target object  no-prototype-builtins
  19:12477  warning  Do not access Object.prototype method 'hasOwnProperty' from target object  no-prototype-builtins
  19:12833  warning  Do not access Object.prototype method 'hasOwnProperty' from target object  no-prototype-builtins
  19:13198  warning  Do not access Object.prototype method 'hasOwnProperty' from target object  no-prototype-builtins
  19:13381  warning  'MathJax' is not defined                                                   no-undef
  19:16987  warning  Do not access Object.prototype method 'hasOwnProperty' from target object  no-prototype-builtins
  19:17284  warning  Do not access Object.prototype method 'hasOwnProperty' from target object  no-prototype-builtins
  19:17408  warning  'MathJax' is not defined                                                   no-undef
  19:17491  warning  Do not access Object.prototype method 'hasOwnProperty' from target object  no-prototype-builtins
  19:17558  warning  Do not access Object.prototype method 'hasOwnProperty' from target object  no-prototype-builtins
  19:17629  warning  'MathJax' is not defined                                                   no-undef
  19:17740  warning  'MathJax' is not defined                                                   no-undef
  19:17808  warning  'MathJax' is not defined                                                   no-undef
  19:18559  warning  Do not access Object.prototype method 'hasOwnProperty' from target object  no-prototype-builtins
  19:18821  warning  Empty block statement                                                      no-empty
  19:18969  warning  Empty block statement                                                      no-empty
  19:19248  warning  'MathJax' is not defined                                                   no-undef
  19:20908  warning  Unnecessary escape character: \%                                           no-useless-escape
  19:20935  warning  Unnecessary escape character: \}                                           no-useless-escape
  19:21213  warning  'MathJax' is not defined                                                   no-undef
  19:21390  warning  'MathJax' is not defined                                                   no-undef
  19:22409  warning  'MathJax' is not defined                                                   no-undef
  19:22492  warning  'MathJax' is not defined                                                   no-undef
  19:22616  warning  'MathJax' is not defined                                                   no-undef
  19:22899  warning  Unnecessary escape character: \)                                           no-useless-escape
  19:23079  warning  'MathJax' is not defined                                                   no-undef
  19:23277  warning  'MathJax' is not defined                                                   no-undef
  19:23379  warning  'MathJax' is not defined                                                   no-undef
  19:23685  warning  'MathJax' is not defined                                                   no-undef
  19:23787  warning  'MathJax' is not defined                                                   no-undef
  19:23872  warning  'MathJax' is not defined                                                   no-undef
  19:24071  warning  'MathJax' is not defined                                                   no-undef
  19:24306  warning  'MathJax' is not defined                                                   no-undef
  19:24519  warning  'MathJax' is not defined                                                   no-undef
  19:24679  warning  'MathJax' is not defined                                                   no-undef
  19:24723  warning  'MathJax' is not defined                                                   no-undef
  19:24764  warning  'MathJax' is not defined                                                   no-undef
  19:24841  warning  'MathJax' is not defined                                                   no-undef
  19:25126  warning  'MathJax' is not defined                                                   no-undef
  19:25349  warning  'MathJax' is not defined                                                   no-undef
  19:25379  warning  'MathJax' is not defined                                                   no-undef
  19:25398  warning  'MathJax' is not defined                                                   no-undef
  19:26041  warning  'MathJax' is not defined                                                   no-undef
  19:26222  warning  Do not access Object.prototype method 'hasOwnProperty' from target object  no-prototype-builtins
  19:26640  warning  'a' is defined but never used                                              no-unused-vars
  19:26643  warning  'MathJax' is not defined                                                   no-undef
  19:26714  warning  'MathJax' is not defined                                                   no-undef
  19:26752  warning  'MathJax' is not defined                                                   no-undef
  19:26818  warning  'MathJax' is not defined                                                   no-undef
  19:26895  warning  'a' is defined but never used                                              no-unused-vars
  19:26898  warning  'MathJax' is not defined                                                   no-undef
  19:26959  warning  'MathJax' is not defined                                                   no-undef
  19:27973  warning  'MathJax' is not defined                                                   no-undef
  19:28042  warning  'MathJax' is not defined                                                   no-undef
  19:28236  warning  'MathJax' is not defined                                                   no-undef
  19:28295  warning  'MathJax' is not defined                                                   no-undef
  19:28907  warning  'MathJax' is not defined                                                   no-undef
  19:28944  warning  'MathJax' is not defined                                                   no-undef
  19:28984  warning  'MathJax' is not defined                                                   no-undef
  19:29013  warning  'MathJax' is not defined                                                   no-undef
  19:29198  warning  'MathJax' is not defined                                                   no-undef
  19:29551  warning  'MathJax' is not defined                                                   no-undef
  19:29927  warning  'MathJax' is not defined                                                   no-undef
  19:30435  warning  'MathJax' is not defined                                                   no-undef
  19:30481  warning  'MathJax' is not defined                                                   no-undef
  19:31189  warning  'MathJax' is not defined                                                   no-undef
  19:32013  warning  'MathJax' is not defined                                                   no-undef
  19:32149  warning  'MathJax' is not defined                                                   no-undef
  19:32495  warning  'MathJax' is not defined                                                   no-undef
  19:32531  warning  'MathJax' is not defined                                                   no-undef
  19:32599  warning  'MathJax' is not defined                                                   no-undef
  19:32636  warning  'MathJax' is not defined                                                   no-undef
  19:32697  warning  'MathJax' is not defined                                                   no-undef
  19:32742  warning  'MathJax' is not defined                                                   no-undef
  19:32808  warning  'MathJax' is not defined                                                   no-undef
  19:32836  warning  'MathJax' is not defined                                                   no-undef
  19:32899  warning  'MathJax' is not defined                                                   no-undef
  19:32960  warning  'MathJax' is not defined                                                   no-undef
  19:33018  warning  'MathJax' is not defined                                                   no-undef
  19:33081  warning  'MathJax' is not defined                                                   no-undef
  19:33959  warning  'MathJax' is not defined                                                   no-undef
  19:34212  warning  'MathJax' is not defined                                                   no-undef
  19:34468  warning  'MathJax' is not defined                                                   no-undef
  19:34579  warning  'MathJax' is not defined                                                   no-undef
  19:34768  warning  'MathJax' is not defined                                                   no-undef
  19:34949  warning  'MathJax' is not defined                                                   no-undef
  19:35028  warning  'MathJax' is not defined                                                   no-undef
  19:35201  warning  'MathJax' is not defined                                                   no-undef
  19:35845  warning  'MathJax' is not defined                                                   no-undef
  19:35989  warning  'MathJax' is not defined                                                   no-undef
  19:36069  warning  'MathJax' is not defined                                                   no-undef
  19:36595  warning  'MathJax' is not defined                                                   no-undef
  19:36671  warning  'a' is defined but never used                                              no-unused-vars
  19:37141  warning  'MathJax' is not defined                                                   no-undef
  19:37335  warning  'MathJax' is not defined                                                   no-undef
  19:38376  warning  'MathJax' is not defined                                                   no-undef
  19:39157  warning  'MathJax' is not defined                                                   no-undef
  19:39290  warning  'MathJax' is not defined                                                   no-undef
  19:39424  warning  'MathJax' is not defined                                                   no-undef
  19:39989  warning  'MathJax' is not defined                                                   no-undef
  19:40131  warning  'MathJax' is not defined                                                   no-undef
  19:40212  warning  'MathJax' is not defined                                                   no-undef
  19:40253  warning  'MathJax' is not defined                                                   no-undef
  19:40368  warning  'MathJax' is not defined                                                   no-undef
  19:40565  warning  'MathJax' is not defined                                                   no-undef
  19:40904  warning  'MathJax' is not defined                                                   no-undef
  19:41060  warning  'MathJax' is not defined                                                   no-undef
  19:41128  warning  'MathJax' is not defined                                                   no-undef
  19:41391  warning  'MathJax' is not defined                                                   no-undef
  19:41592  warning  'MathJax' is not defined                                                   no-undef
  19:41705  warning  'MathJax' is not defined                                                   no-undef
  19:42106  warning  'MathJax' is not defined                                                   no-undef
  19:42286  warning  'MathJax' is not defined                                                   no-undef
  19:42426  warning  'MathJax' is not defined                                                   no-undef
  19:42501  warning  'MathJax' is not defined                                                   no-undef
  19:42538  warning  'MathJax' is not defined                                                   no-undef
  19:43009  warning  'MathJax' is not defined                                                   no-undef
  19:43075  warning  'MathJax' is not defined                                                   no-undef
  19:43130  warning  'MathJax' is not defined                                                   no-undef
  19:43169  warning  Empty block statement                                                      no-empty
  19:43275  warning  'MathJax' is not defined                                                   no-undef
  19:43648  warning  'MathJax' is not defined                                                   no-undef
  19:44483  warning  Do not access Object.prototype method 'hasOwnProperty' from target object  no-prototype-builtins
  19:44531  warning  'MathJax' is not defined                                                   no-undef
  19:44685  warning  'a' is defined but never used                                              no-unused-vars
  19:44892  warning  'MathJax' is not defined                                                   no-undef
  19:44911  warning  'MathJax' is not defined                                                   no-undef
  19:44937  warning  'MathJax' is not defined                                                   no-undef
  19:44961  warning  'MathJax' is not defined                                                   no-undef
  19:44980  warning  'MathJax' is not defined                                                   no-undef
  19:45024  warning  'MathJax' is not defined                                                   no-undef
  19:45065  warning  'MathJax' is not defined                                                   no-undef
  19:45086  warning  'MathJax' is not defined                                                   no-undef
  19:45109  warning  'MathJax' is not defined                                                   no-undef
  19:45130  warning  'MathJax' is not defined                                                   no-undef
  19:45167  warning  'MathJax' is not defined                                                   no-undef
  19:45199  warning  'MathJax' is not defined                                                   no-undef
  19:45318  warning  'MathJax' is not defined                                                   no-undef
  19:45340  warning  'MathJax' is not defined                                                   no-undef
  19:45367  warning  'MathJax' is not defined                                                   no-undef
  19:45392  warning  'MathJax' is not defined                                                   no-undef
  19:45441  warning  'MathJax' is not defined                                                   no-undef
  19:45494  warning  'MathJax' is not defined                                                   no-undef
  19:45707  warning  'MathJax' is not defined                                                   no-undef
  19:45773  warning  'MathJax' is not defined                                                   no-undef
  19:45785  warning  'MathJax' is not defined                                                   no-undef
  19:45964  warning  'MathJax' is not defined                                                   no-undef
  19:46113  warning  'MathJax' is not defined                                                   no-undef
  19:46214  warning  'MathJax' is not defined                                                   no-undef
  19:46323  warning  'MathJax' is not defined                                                   no-undef
  19:46580  warning  'MathJax' is not defined                                                   no-undef
  19:46605  warning  'MathJax' is not defined                                                   no-undef
  19:46716  warning  'MathJax' is not defined                                                   no-undef
  19:46743  warning  'MathJax' is not defined                                                   no-undef
  19:46823  warning  'MathJax' is not defined                                                   no-undef
  19:47214  warning  'MathJax' is not defined                                                   no-undef
  19:47249  warning  'MathJax' is not defined                                                   no-undef
  19:47336  warning  'MathJax' is not defined                                                   no-undef
  19:47368  warning  'MathJax' is not defined                                                   no-undef
  19:47424  warning  'MathJax' is not defined                                                   no-undef
  19:47575  warning  'MathJax' is not defined                                                   no-undef
  19:47626  warning  'MathJax' is not defined                                                   no-undef
  19:47639  warning  'MathJax' is not defined                                                   no-undef
  19:47723  warning  'MathJax' is not defined                                                   no-undef
  19:47744  warning  'MathJax' is not defined                                                   no-undef
  19:47910  warning  'MathJax' is not defined                                                   no-undef
  19:48086  warning  'MathJax' is not defined                                                   no-undef
  19:48183  warning  'MathJax' is not defined                                                   no-undef
  19:48286  warning  'MathJax' is not defined                                                   no-undef
  19:48336  warning  'MathJax' is not defined                                                   no-undef
  19:48370  warning  'MathJax' is not defined                                                   no-undef
  19:48415  warning  Do not access Object.prototype method 'hasOwnProperty' from target object  no-prototype-builtins
  19:48528  warning  'MathJax' is not defined                                                   no-undef
  19:48599  warning  'MathJax' is not defined                                                   no-undef
  19:49059  warning  'MathJax' is not defined                                                   no-undef
  19:49090  warning  'MathJax' is not defined                                                   no-undef
  19:49134  warning  'MathJax' is not defined                                                   no-undef
  19:49211  warning  'MathJax' is not defined                                                   no-undef
  19:49248  warning  'MathJax' is not defined                                                   no-undef
  19:49298  warning  'MathJax' is not defined                                                   no-undef
  19:49332  warning  'MathJax' is not defined                                                   no-undef
  19:49398  warning  'MathJax' is not defined                                                   no-undef
  19:49455  warning  'MathJax' is not defined                                                   no-undef
  19:49486  warning  'MathJax' is not defined                                                   no-undef
  19:49530  warning  'MathJax' is not defined                                                   no-undef
  19:49569  warning  'MathJax' is not defined                                                   no-undef
  19:49597  warning  'MathJax' is not defined                                                   no-undef
  19:49695  warning  'MathJax' is not defined                                                   no-undef
  19:49723  warning  'MathJax' is not defined                                                   no-undef
  19:49809  warning  'MathJax' is not defined                                                   no-undef
  19:50210  warning  'MathJax' is not defined                                                   no-undef
  19:50340  warning  'MathJax' is not defined                                                   no-undef
  19:50520  warning  'MathJax' is not defined                                                   no-undef
  19:50572  warning  'MathJax' is not defined                                                   no-undef
  19:50694  warning  'MathJax' is not defined                                                   no-undef
  19:50725  warning  'MathJax' is not defined                                                   no-undef
  19:50867  warning  'MathJax' is not defined                                                   no-undef
  19:51113  warning  Do not access Object.prototype method 'hasOwnProperty' from target object  no-prototype-builtins
  19:51380  warning  'h' is defined but never used                                              no-unused-vars
  19:51382  warning  'i' is defined but never used                                              no-unused-vars
  19:51492  warning  'h' is defined but never used                                              no-unused-vars
  19:51935  warning  'MathJax' is not defined                                                   no-undef
  19:52020  warning  'MathJax' is not defined                                                   no-undef
  19:52628  warning  'l' is defined but never used                                              no-unused-vars
  19:52630  warning  'q' is defined but never used                                              no-unused-vars
  19:53544  warning  'j' is defined but never used                                              no-unused-vars
  19:53634  warning  'k' is defined but never used                                              no-unused-vars
  19:54136  warning  'h' is defined but never used                                              no-unused-vars
  19:55701  warning  Do not access Object.prototype method 'hasOwnProperty' from target object  no-prototype-builtins
  19:55807  warning  Do not access Object.prototype method 'hasOwnProperty' from target object  no-prototype-builtins
  19:56683  warning  'MathJax' is not defined                                                   no-undef
  19:56930  warning  'MathJax' is not defined                                                   no-undef
  19:57616  warning  Unnecessary escape character: \&                                           no-useless-escape
  19:57789  warning  Unnecessary escape character: \/                                           no-useless-escape
  19:59017  warning  Do not access Object.prototype method 'hasOwnProperty' from target object  no-prototype-builtins
  19:60164  warning  Unnecessary escape character: \/                                           no-useless-escape
  19:60184  warning  Unnecessary escape character: \)                                           no-useless-escape
  19:60874  warning  Unnecessary escape character: \/                                           no-useless-escape
  19:60909  warning  'opera' is not defined                                                     no-undef
  19:61137  warning  'MathJax' is not defined                                                   no-undef
  19:61197  warning  'MathJax' is not defined                                                   no-undef
  19:61318  warning  'ActiveXObject' is not defined                                             no-undef
  19:61385  warning  Empty block statement                                                      no-empty
  19:61894  warning  Empty block statement                                                      no-empty
  19:61952  warning  'MathJax' is not defined                                                   no-undef
  19:62301  warning  'MathJax' is not defined                                                   no-undef
  19:62402  warning  Unnecessary semicolon                                                      no-extra-semi

/home/runner/work/exp-functions-using-multiplexers-iitkgp/exp-functions-using-multiplexers-iitkgp/experiment/simulation/js/mathjax2.js
  19:95     warning  'MathJax' is not defined                                                   no-undef
  19:196    warning  'MathJax' is not defined                                                   no-undef
  19:218    warning  'MathJax' is not defined                                                   no-undef
  19:242    warning  'MathJax' is not defined                                                   no-undef
  19:270    warning  'MathJax' is not defined                                                   no-undef
  19:297    warning  'MathJax' is not defined                                                   no-undef
  19:484    warning  Do not access Object.prototype method 'hasOwnProperty' from target object  no-prototype-builtins
  19:1102   warning  Do not access Object.prototype method 'hasOwnProperty' from target object  no-prototype-builtins
  19:1288   warning  Do not access Object.prototype method 'hasOwnProperty' from target object  no-prototype-builtins
  19:2019   warning  Do not access Object.prototype method 'hasOwnProperty' from target object  no-prototype-builtins
  19:2910   warning  Do not access Object.prototype method 'hasOwnProperty' from target object  no-prototype-builtins
  19:6755   warning  'MathJax' is not defined                                                   no-undef
  19:11883  warning  Do not access Object.prototype method 'hasOwnProperty' from target object  no-prototype-builtins
  19:12109  warning  Do not access Object.prototype method 'hasOwnProperty' from target object  no-prototype-builtins
  19:12477  warning  Do not access Object.prototype method 'hasOwnProperty' from target object  no-prototype-builtins
  19:12833  warning  Do not access Object.prototype method 'hasOwnProperty' from target object  no-prototype-builtins
  19:13198  warning  Do not access Object.prototype method 'hasOwnProperty' from target object  no-prototype-builtins
  19:13381  warning  'MathJax' is not defined                                                   no-undef
  19:16987  warning  Do not access Object.prototype method 'hasOwnProperty' from target object  no-prototype-builtins
  19:17284  warning  Do not access Object.prototype method 'hasOwnProperty' from target object  no-prototype-builtins
  19:17408  warning  'MathJax' is not defined                                                   no-undef
  19:17491  warning  Do not access Object.prototype method 'hasOwnProperty' from target object  no-prototype-builtins
  19:17558  warning  Do not access Object.prototype method 'hasOwnProperty' from target object  no-prototype-builtins
  19:17629  warning  'MathJax' is not defined                                                   no-undef
  19:17740  warning  'MathJax' is not defined                                                   no-undef
  19:17808  warning  'MathJax' is not defined                                                   no-undef
  19:18559  warning  Do not access Object.prototype method 'hasOwnProperty' from target object  no-prototype-builtins
  19:18821  warning  Empty block statement                                                      no-empty
  19:18969  warning  Empty block statement                                                      no-empty
  19:19248  warning  'MathJax' is not defined                                                   no-undef
  19:20908  warning  Unnecessary escape character: \%                                           no-useless-escape
  19:20935  warning  Unnecessary escape character: \}                                           no-useless-escape
  19:21213  warning  'MathJax' is not defined                                                   no-undef
  19:21390  warning  'MathJax' is not defined                                                   no-undef
  19:22409  warning  'MathJax' is not defined                                                   no-undef
  19:22492  warning  'MathJax' is not defined                                                   no-undef
  19:22616  warning  'MathJax' is not defined                                                   no-undef
  19:22899  warning  Unnecessary escape character: \)                                           no-useless-escape
  19:23079  warning  'MathJax' is not defined                                                   no-undef
  19:23277  warning  'MathJax' is not defined                                                   no-undef
  19:23379  warning  'MathJax' is not defined                                                   no-undef
  19:23685  warning  'MathJax' is not defined                                                   no-undef
  19:23787  warning  'MathJax' is not defined                                                   no-undef
  19:23872  warning  'MathJax' is not defined                                                   no-undef
  19:24071  warning  'MathJax' is not defined                                                   no-undef
  19:24306  warning  'MathJax' is not defined                                                   no-undef
  19:24519  warning  'MathJax' is not defined                                                   no-undef
  19:24679  warning  'MathJax' is not defined                                                   no-undef
  19:24723  warning  'MathJax' is not defined                                                   no-undef
  19:24764  warning  'MathJax' is not defined                                                   no-undef
  19:24841  warning  'MathJax' is not defined                                                   no-undef
  19:25126  warning  'MathJax' is not defined                                                   no-undef
  19:25349  warning  'MathJax' is not defined                                                   no-undef
  19:25379  warning  'MathJax' is not defined                                                   no-undef
  19:25398  warning  'MathJax' is not defined                                                   no-undef
  19:26041  warning  'MathJax' is not defined                                                   no-undef
  19:26222  warning  Do not access Object.prototype method 'hasOwnProperty' from target object  no-prototype-builtins
  19:26640  warning  'a' is defined but never used                                              no-unused-vars
  19:26643  warning  'MathJax' is not defined                                                   no-undef
  19:26714  warning  'MathJax' is not defined                                                   no-undef
  19:26752  warning  'MathJax' is not defined                                                   no-undef
  19:26818  warning  'MathJax' is not defined                                                   no-undef
  19:26895  warning  'a' is defined but never used                                              no-unused-vars
  19:26898  warning  'MathJax' is not defined                                                   no-undef
  19:26959  warning  'MathJax' is not defined                                                   no-undef
  19:27973  warning  'MathJax' is not defined                                                   no-undef
  19:28042  warning  'MathJax' is not defined                                                   no-undef
  19:28236  warning  'MathJax' is not defined                                                   no-undef
  19:28295  warning  'MathJax' is not defined                                                   no-undef
  19:28907  warning  'MathJax' is not defined                                                   no-undef
  19:28944  warning  'MathJax' is not defined                                                   no-undef
  19:28984  warning  'MathJax' is not defined                                                   no-undef
  19:29013  warning  'MathJax' is not defined                                                   no-undef
  19:29198  warning  'MathJax' is not defined                                                   no-undef
  19:29551  warning  'MathJax' is not defined                                                   no-undef
  19:29927  warning  'MathJax' is not defined                                                   no-undef
  19:30435  warning  'MathJax' is not defined                                                   no-undef
  19:30481  warning  'MathJax' is not defined                                                   no-undef
  19:31189  warning  'MathJax' is not defined                                                   no-undef
  19:32013  warning  'MathJax' is not defined                                                   no-undef
  19:32149  warning  'MathJax' is not defined                                                   no-undef
  19:32495  warning  'MathJax' is not defined                                                   no-undef
  19:32531  warning  'MathJax' is not defined                                                   no-undef
  19:32599  warning  'MathJax' is not defined                                                   no-undef
  19:32636  warning  'MathJax' is not defined                                                   no-undef
  19:32697  warning  'MathJax' is not defined                                                   no-undef
  19:32742  warning  'MathJax' is not defined                                                   no-undef
  19:32808  warning  'MathJax' is not defined                                                   no-undef
  19:32836  warning  'MathJax' is not defined                                                   no-undef
  19:32899  warning  'MathJax' is not defined                                                   no-undef
  19:32960  warning  'MathJax' is not defined                                                   no-undef
  19:33018  warning  'MathJax' is not defined                                                   no-undef
  19:33081  warning  'MathJax' is not defined                                                   no-undef
  19:33959  warning  'MathJax' is not defined                                                   no-undef
  19:34212  warning  'MathJax' is not defined                                                   no-undef
  19:34468  warning  'MathJax' is not defined                                                   no-undef
  19:34579  warning  'MathJax' is not defined                                                   no-undef
  19:34768  warning  'MathJax' is not defined                                                   no-undef
  19:34949  warning  'MathJax' is not defined                                                   no-undef
  19:35028  warning  'MathJax' is not defined                                                   no-undef
  19:35201  warning  'MathJax' is not defined                                                   no-undef
  19:35845  warning  'MathJax' is not defined                                                   no-undef
  19:35989  warning  'MathJax' is not defined                                                   no-undef
  19:36069  warning  'MathJax' is not defined                                                   no-undef
  19:36595  warning  'MathJax' is not defined                                                   no-undef
  19:36671  warning  'a' is defined but never used                                              no-unused-vars
  19:37141  warning  'MathJax' is not defined                                                   no-undef
  19:37335  warning  'MathJax' is not defined                                                   no-undef
  19:38376  warning  'MathJax' is not defined                                                   no-undef
  19:39157  warning  'MathJax' is not defined                                                   no-undef
  19:39290  warning  'MathJax' is not defined                                                   no-undef
  19:39424  warning  'MathJax' is not defined                                                   no-undef
  19:39989  warning  'MathJax' is not defined                                                   no-undef
  19:40131  warning  'MathJax' is not defined                                                   no-undef
  19:40212  warning  'MathJax' is not defined                                                   no-undef
  19:40253  warning  'MathJax' is not defined                                                   no-undef
  19:40368  warning  'MathJax' is not defined                                                   no-undef
  19:40565  warning  'MathJax' is not defined                                                   no-undef
  19:40904  warning  'MathJax' is not defined                                                   no-undef
  19:41060  warning  'MathJax' is not defined                                                   no-undef
  19:41128  warning  'MathJax' is not defined                                                   no-undef
  19:41391  warning  'MathJax' is not defined                                                   no-undef
  19:41592  warning  'MathJax' is not defined                                                   no-undef
  19:41705  warning  'MathJax' is not defined                                                   no-undef
  19:42106  warning  'MathJax' is not defined                                                   no-undef
  19:42286  warning  'MathJax' is not defined                                                   no-undef
  19:42426  warning  'MathJax' is not defined                                                   no-undef
  19:42501  warning  'MathJax' is not defined                                                   no-undef
  19:42538  warning  'MathJax' is not defined                                                   no-undef
  19:43009  warning  'MathJax' is not defined                                                   no-undef
  19:43075  warning  'MathJax' is not defined                                                   no-undef
  19:43130  warning  'MathJax' is not defined                                                   no-undef
  19:43169  warning  Empty block statement                                                      no-empty
  19:43275  warning  'MathJax' is not defined                                                   no-undef
  19:43648  warning  'MathJax' is not defined                                                   no-undef
  19:44483  warning  Do not access Object.prototype method 'hasOwnProperty' from target object  no-prototype-builtins
  19:44531  warning  'MathJax' is not defined                                                   no-undef
  19:44685  warning  'a' is defined but never used                                              no-unused-vars
  19:44892  warning  'MathJax' is not defined                                                   no-undef
  19:44911  warning  'MathJax' is not defined                                                   no-undef
  19:44937  warning  'MathJax' is not defined                                                   no-undef
  19:44961  warning  'MathJax' is not defined                                                   no-undef
  19:44980  warning  'MathJax' is not defined                                                   no-undef
  19:45024  warning  'MathJax' is not defined                                                   no-undef
  19:45065  warning  'MathJax' is not defined                                                   no-undef
  19:45086  warning  'MathJax' is not defined                                                   no-undef
  19:45109  warning  'MathJax' is not defined                                                   no-undef
  19:45130  warning  'MathJax' is not defined                                                   no-undef
  19:45167  warning  'MathJax' is not defined                                                   no-undef
  19:45199  warning  'MathJax' is not defined                                                   no-undef
  19:45318  warning  'MathJax' is not defined                                                   no-undef
  19:45340  warning  'MathJax' is not defined                                                   no-undef
  19:45367  warning  'MathJax' is not defined                                                   no-undef
  19:45392  warning  'MathJax' is not defined                                                   no-undef
  19:45441  warning  'MathJax' is not defined                                                   no-undef
  19:45494  warning  'MathJax' is not defined                                                   no-undef
  19:45707  warning  'MathJax' is not defined                                                   no-undef
  19:45773  warning  'MathJax' is not defined                                                   no-undef
  19:45785  warning  'MathJax' is not defined                                                   no-undef
  19:45964  warning  'MathJax' is not defined                                                   no-undef
  19:46113  warning  'MathJax' is not defined                                                   no-undef
  19:46214  warning  'MathJax' is not defined                                                   no-undef
  19:46323  warning  'MathJax' is not defined                                                   no-undef
  19:46580  warning  'MathJax' is not defined                                                   no-undef
  19:46605  warning  'MathJax' is not defined                                                   no-undef
  19:46716  warning  'MathJax' is not defined                                                   no-undef
  19:46743  warning  'MathJax' is not defined                                                   no-undef
  19:46823  warning  'MathJax' is not defined                                                   no-undef
  19:47214  warning  'MathJax' is not defined                                                   no-undef
  19:47249  warning  'MathJax' is not defined                                                   no-undef
  19:47336  warning  'MathJax' is not defined                                                   no-undef
  19:47368  warning  'MathJax' is not defined                                                   no-undef
  19:47424  warning  'MathJax' is not defined                                                   no-undef
  19:47575  warning  'MathJax' is not defined                                                   no-undef
  19:47626  warning  'MathJax' is not defined                                                   no-undef
  19:47639  warning  'MathJax' is not defined                                                   no-undef
  19:47723  warning  'MathJax' is not defined                                                   no-undef
  19:47744  warning  'MathJax' is not defined                                                   no-undef
  19:47910  warning  'MathJax' is not defined                                                   no-undef
  19:48086  warning  'MathJax' is not defined                                                   no-undef
  19:48183  warning  'MathJax' is not defined                                                   no-undef
  19:48286  warning  'MathJax' is not defined                                                   no-undef
  19:48336  warning  'MathJax' is not defined                                                   no-undef
  19:48370  warning  'MathJax' is not defined                                                   no-undef
  19:48415  warning  Do not access Object.prototype method 'hasOwnProperty' from target object  no-prototype-builtins
  19:48528  warning  'MathJax' is not defined                                                   no-undef
  19:48599  warning  'MathJax' is not defined                                                   no-undef
  19:49059  warning  'MathJax' is not defined                                                   no-undef
  19:49090  warning  'MathJax' is not defined                                                   no-undef
  19:49134  warning  'MathJax' is not defined                                                   no-undef
  19:49211  warning  'MathJax' is not defined                                                   no-undef
  19:49248  warning  'MathJax' is not defined                                                   no-undef
  19:49298  warning  'MathJax' is not defined                                                   no-undef
  19:49332  warning  'MathJax' is not defined                                                   no-undef
  19:49398  warning  'MathJax' is not defined                                                   no-undef
  19:49455  warning  'MathJax' is not defined                                                   no-undef
  19:49486  warning  'MathJax' is not defined                                                   no-undef
  19:49530  warning  'MathJax' is not defined                                                   no-undef
  19:49569  warning  'MathJax' is not defined                                                   no-undef
  19:49597  warning  'MathJax' is not defined                                                   no-undef
  19:49695  warning  'MathJax' is not defined                                                   no-undef
  19:49723  warning  'MathJax' is not defined                                                   no-undef
  19:49809  warning  'MathJax' is not defined                                                   no-undef
  19:50210  warning  'MathJax' is not defined                                                   no-undef
  19:50340  warning  'MathJax' is not defined                                                   no-undef
  19:50520  warning  'MathJax' is not defined                                                   no-undef
  19:50572  warning  'MathJax' is not defined                                                   no-undef
  19:50694  warning  'MathJax' is not defined                                                   no-undef
  19:50725  warning  'MathJax' is not defined                                                   no-undef
  19:50867  warning  'MathJax' is not defined                                                   no-undef
  19:51113  warning  Do not access Object.prototype method 'hasOwnProperty' from target object  no-prototype-builtins
  19:51380  warning  'h' is defined but never used                                              no-unused-vars
  19:51382  warning  'i' is defined but never used                                              no-unused-vars
  19:51492  warning  'h' is defined but never used                                              no-unused-vars
  19:51935  warning  'MathJax' is not defined                                                   no-undef
  19:52020  warning  'MathJax' is not defined                                                   no-undef
  19:52628  warning  'l' is defined but never used                                              no-unused-vars
  19:52630  warning  'q' is defined but never used                                              no-unused-vars
  19:53544  warning  'j' is defined but never used                                              no-unused-vars
  19:53634  warning  'k' is defined but never used                                              no-unused-vars
  19:54136  warning  'h' is defined but never used                                              no-unused-vars
  19:55701  warning  Do not access Object.prototype method 'hasOwnProperty' from target object  no-prototype-builtins
  19:55807  warning  Do not access Object.prototype method 'hasOwnProperty' from target object  no-prototype-builtins
  19:56683  warning  'MathJax' is not defined                                                   no-undef
  19:56930  warning  'MathJax' is not defined                                                   no-undef
  19:57616  warning  Unnecessary escape character: \&                                           no-useless-escape
  19:57789  warning  Unnecessary escape character: \/                                           no-useless-escape
  19:59017  warning  Do not access Object.prototype method 'hasOwnProperty' from target object  no-prototype-builtins
  19:60164  warning  Unnecessary escape character: \/                                           no-useless-escape
  19:60184  warning  Unnecessary escape character: \)                                           no-useless-escape
  19:60874  warning  Unnecessary escape character: \/                                           no-useless-escape
  19:60909  warning  'opera' is not defined                                                     no-undef
  19:61137  warning  'MathJax' is not defined                                                   no-undef
  19:61197  warning  'MathJax' is not defined                                                   no-undef
  19:61318  warning  'ActiveXObject' is not defined                                             no-undef
  19:61385  warning  Empty block statement                                                      no-empty
  19:61894  warning  Empty block statement                                                      no-empty
  19:61952  warning  'MathJax' is not defined                                                   no-undef
  19:62301  warning  'MathJax' is not defined                                                   no-undef
  19:62402  warning  Unnecessary semicolon                                                      no-extra-semi

 512 problems (0 errors, 512 warnings)
  0 errors and 2 warnings potentially fixable with the `--fix` option.

